<?xml version="1.0" encoding="UTF-8"?>
<testsuite xmlns:xsi="http://www.w3.org/2001/XMLSchema-instance" xsi:noNamespaceSchemaLocation="https://maven.apache.org/surefire/maven-surefire-plugin/xsd/surefire-test-report.xsd" name="com.yjxxt.AppTest" time="0.016" tests="1" errors="0" skipped="0" failures="0">
  <properties>
    <property name="sun.desktop" value="windows"/>
    <property name="awt.toolkit" value="sun.awt.windows.WToolkit"/>
    <property name="java.specification.version" value="11"/>
    <property name="sun.cpu.isalist" value="amd64"/>
    <property name="sun.jnu.encoding" value="GBK"/>
    <property name="java.class.path" value="E:\java49\practice\springboot\crm49\target\test-classes;E:\java49\practice\springboot\crm49\target\classes;F:\apache-maven-3.8.1\Mysql\junit\junit\4.13\junit-4.13.jar;F:\apache-maven-3.8.1\Mysql\org\hamcrest\hamcrest-core\2.1\hamcrest-core-2.1.jar;F:\apache-maven-3.8.1\Mysql\org\springframework\boot\spring-boot-starter-web\2.2.2.RELEASE\spring-boot-starter-web-2.2.2.RELEASE.jar;F:\apache-maven-3.8.1\Mysql\org\springframework\boot\spring-boot-starter\2.2.2.RELEASE\spring-boot-starter-2.2.2.RELEASE.jar;F:\apache-maven-3.8.1\Mysql\org\springframework\boot\spring-boot-starter-logging\2.2.2.RELEASE\spring-boot-starter-logging-2.2.2.RELEASE.jar;F:\apache-maven-3.8.1\Mysql\ch\qos\logback\logback-classic\1.2.3\logback-classic-1.2.3.jar;F:\apache-maven-3.8.1\Mysql\ch\qos\logback\logback-core\1.2.3\logback-core-1.2.3.jar;F:\apache-maven-3.8.1\Mysql\org\apache\logging\log4j\log4j-to-slf4j\2.12.1\log4j-to-slf4j-2.12.1.jar;F:\apache-maven-3.8.1\Mysql\org\apache\logging\log4j\log4j-api\2.12.1\log4j-api-2.12.1.jar;F:\apache-maven-3.8.1\Mysql\org\slf4j\jul-to-slf4j\1.7.29\jul-to-slf4j-1.7.29.jar;F:\apache-maven-3.8.1\Mysql\jakarta\annotation\jakarta.annotation-api\1.3.5\jakarta.annotation-api-1.3.5.jar;F:\apache-maven-3.8.1\Mysql\org\yaml\snakeyaml\1.25\snakeyaml-1.25.jar;F:\apache-maven-3.8.1\Mysql\org\springframework\boot\spring-boot-starter-json\2.2.2.RELEASE\spring-boot-starter-json-2.2.2.RELEASE.jar;F:\apache-maven-3.8.1\Mysql\com\fasterxml\jackson\core\jackson-databind\2.10.1\jackson-databind-2.10.1.jar;F:\apache-maven-3.8.1\Mysql\com\fasterxml\jackson\core\jackson-annotations\2.10.1\jackson-annotations-2.10.1.jar;F:\apache-maven-3.8.1\Mysql\com\fasterxml\jackson\core\jackson-core\2.10.1\jackson-core-2.10.1.jar;F:\apache-maven-3.8.1\Mysql\com\fasterxml\jackson\datatype\jackson-datatype-jdk8\2.10.1\jackson-datatype-jdk8-2.10.1.jar;F:\apache-maven-3.8.1\Mysql\com\fasterxml\jackson\datatype\jackson-datatype-jsr310\2.10.1\jackson-datatype-jsr310-2.10.1.jar;F:\apache-maven-3.8.1\Mysql\com\fasterxml\jackson\module\jackson-module-parameter-names\2.10.1\jackson-module-parameter-names-2.10.1.jar;F:\apache-maven-3.8.1\Mysql\org\springframework\boot\spring-boot-starter-tomcat\2.2.2.RELEASE\spring-boot-starter-tomcat-2.2.2.RELEASE.jar;F:\apache-maven-3.8.1\Mysql\org\apache\tomcat\embed\tomcat-embed-core\9.0.29\tomcat-embed-core-9.0.29.jar;F:\apache-maven-3.8.1\Mysql\org\apache\tomcat\embed\tomcat-embed-el\9.0.29\tomcat-embed-el-9.0.29.jar;F:\apache-maven-3.8.1\Mysql\org\apache\tomcat\embed\tomcat-embed-websocket\9.0.29\tomcat-embed-websocket-9.0.29.jar;F:\apache-maven-3.8.1\Mysql\org\springframework\boot\spring-boot-starter-validation\2.2.2.RELEASE\spring-boot-starter-validation-2.2.2.RELEASE.jar;F:\apache-maven-3.8.1\Mysql\jakarta\validation\jakarta.validation-api\2.0.1\jakarta.validation-api-2.0.1.jar;F:\apache-maven-3.8.1\Mysql\org\hibernate\validator\hibernate-validator\6.0.18.Final\hibernate-validator-6.0.18.Final.jar;F:\apache-maven-3.8.1\Mysql\org\jboss\logging\jboss-logging\3.4.1.Final\jboss-logging-3.4.1.Final.jar;F:\apache-maven-3.8.1\Mysql\com\fasterxml\classmate\1.5.1\classmate-1.5.1.jar;F:\apache-maven-3.8.1\Mysql\org\springframework\spring-web\5.2.2.RELEASE\spring-web-5.2.2.RELEASE.jar;F:\apache-maven-3.8.1\Mysql\org\springframework\spring-beans\5.2.2.RELEASE\spring-beans-5.2.2.RELEASE.jar;F:\apache-maven-3.8.1\Mysql\org\springframework\spring-webmvc\5.2.2.RELEASE\spring-webmvc-5.2.2.RELEASE.jar;F:\apache-maven-3.8.1\Mysql\org\springframework\spring-context\5.2.2.RELEASE\spring-context-5.2.2.RELEASE.jar;F:\apache-maven-3.8.1\Mysql\org\springframework\spring-expression\5.2.2.RELEASE\spring-expression-5.2.2.RELEASE.jar;F:\apache-maven-3.8.1\Mysql\org\springframework\boot\spring-boot-starter-aop\2.2.2.RELEASE\spring-boot-starter-aop-2.2.2.RELEASE.jar;F:\apache-maven-3.8.1\Mysql\org\springframework\spring-aop\5.2.2.RELEASE\spring-aop-5.2.2.RELEASE.jar;F:\apache-maven-3.8.1\Mysql\org\aspectj\aspectjweaver\1.9.5\aspectjweaver-1.9.5.jar;F:\apache-maven-3.8.1\Mysql\org\springframework\boot\spring-boot-starter-freemarker\2.2.2.RELEASE\spring-boot-starter-freemarker-2.2.2.RELEASE.jar;F:\apache-maven-3.8.1\Mysql\org\freemarker\freemarker\2.3.29\freemarker-2.3.29.jar;F:\apache-maven-3.8.1\Mysql\org\springframework\spring-context-support\5.2.2.RELEASE\spring-context-support-5.2.2.RELEASE.jar;F:\apache-maven-3.8.1\Mysql\org\springframework\boot\spring-boot-starter-test\2.2.2.RELEASE\spring-boot-starter-test-2.2.2.RELEASE.jar;F:\apache-maven-3.8.1\Mysql\org\springframework\boot\spring-boot-test\2.2.2.RELEASE\spring-boot-test-2.2.2.RELEASE.jar;F:\apache-maven-3.8.1\Mysql\org\springframework\boot\spring-boot-test-autoconfigure\2.2.2.RELEASE\spring-boot-test-autoconfigure-2.2.2.RELEASE.jar;F:\apache-maven-3.8.1\Mysql\com\jayway\jsonpath\json-path\2.4.0\json-path-2.4.0.jar;F:\apache-maven-3.8.1\Mysql\net\minidev\json-smart\2.3\json-smart-2.3.jar;F:\apache-maven-3.8.1\Mysql\net\minidev\accessors-smart\1.2\accessors-smart-1.2.jar;F:\apache-maven-3.8.1\Mysql\org\ow2\asm\asm\5.0.4\asm-5.0.4.jar;F:\apache-maven-3.8.1\Mysql\org\slf4j\slf4j-api\1.7.29\slf4j-api-1.7.29.jar;F:\apache-maven-3.8.1\Mysql\jakarta\xml\bind\jakarta.xml.bind-api\2.3.2\jakarta.xml.bind-api-2.3.2.jar;F:\apache-maven-3.8.1\Mysql\jakarta\activation\jakarta.activation-api\1.2.1\jakarta.activation-api-1.2.1.jar;F:\apache-maven-3.8.1\Mysql\org\junit\jupiter\junit-jupiter\5.5.2\junit-jupiter-5.5.2.jar;F:\apache-maven-3.8.1\Mysql\org\junit\jupiter\junit-jupiter-api\5.5.2\junit-jupiter-api-5.5.2.jar;F:\apache-maven-3.8.1\Mysql\org\opentest4j\opentest4j\1.2.0\opentest4j-1.2.0.jar;F:\apache-maven-3.8.1\Mysql\org\junit\platform\junit-platform-commons\1.5.2\junit-platform-commons-1.5.2.jar;F:\apache-maven-3.8.1\Mysql\org\junit\jupiter\junit-jupiter-params\5.5.2\junit-jupiter-params-5.5.2.jar;F:\apache-maven-3.8.1\Mysql\org\junit\jupiter\junit-jupiter-engine\5.5.2\junit-jupiter-engine-5.5.2.jar;F:\apache-maven-3.8.1\Mysql\org\junit\vintage\junit-vintage-engine\5.5.2\junit-vintage-engine-5.5.2.jar;F:\apache-maven-3.8.1\Mysql\org\apiguardian\apiguardian-api\1.1.0\apiguardian-api-1.1.0.jar;F:\apache-maven-3.8.1\Mysql\org\junit\platform\junit-platform-engine\1.5.2\junit-platform-engine-1.5.2.jar;F:\apache-maven-3.8.1\Mysql\org\mockito\mockito-junit-jupiter\3.1.0\mockito-junit-jupiter-3.1.0.jar;F:\apache-maven-3.8.1\Mysql\org\assertj\assertj-core\3.13.2\assertj-core-3.13.2.jar;F:\apache-maven-3.8.1\Mysql\org\hamcrest\hamcrest\2.1\hamcrest-2.1.jar;F:\apache-maven-3.8.1\Mysql\org\mockito\mockito-core\3.1.0\mockito-core-3.1.0.jar;F:\apache-maven-3.8.1\Mysql\net\bytebuddy\byte-buddy\1.10.4\byte-buddy-1.10.4.jar;F:\apache-maven-3.8.1\Mysql\net\bytebuddy\byte-buddy-agent\1.10.4\byte-buddy-agent-1.10.4.jar;F:\apache-maven-3.8.1\Mysql\org\objenesis\objenesis\2.6\objenesis-2.6.jar;F:\apache-maven-3.8.1\Mysql\org\skyscreamer\jsonassert\1.5.0\jsonassert-1.5.0.jar;F:\apache-maven-3.8.1\Mysql\com\vaadin\external\google\android-json\0.0.20131108.vaadin1\android-json-0.0.20131108.vaadin1.jar;F:\apache-maven-3.8.1\Mysql\org\springframework\spring-core\5.2.2.RELEASE\spring-core-5.2.2.RELEASE.jar;F:\apache-maven-3.8.1\Mysql\org\springframework\spring-jcl\5.2.2.RELEASE\spring-jcl-5.2.2.RELEASE.jar;F:\apache-maven-3.8.1\Mysql\org\springframework\spring-test\5.2.2.RELEASE\spring-test-5.2.2.RELEASE.jar;F:\apache-maven-3.8.1\Mysql\org\xmlunit\xmlunit-core\2.6.3\xmlunit-core-2.6.3.jar;F:\apache-maven-3.8.1\Mysql\org\mybatis\spring\boot\mybatis-spring-boot-starter\2.1.1\mybatis-spring-boot-starter-2.1.1.jar;F:\apache-maven-3.8.1\Mysql\org\springframework\boot\spring-boot-starter-jdbc\2.2.2.RELEASE\spring-boot-starter-jdbc-2.2.2.RELEASE.jar;F:\apache-maven-3.8.1\Mysql\com\zaxxer\HikariCP\3.4.1\HikariCP-3.4.1.jar;F:\apache-maven-3.8.1\Mysql\org\springframework\spring-jdbc\5.2.2.RELEASE\spring-jdbc-5.2.2.RELEASE.jar;F:\apache-maven-3.8.1\Mysql\org\springframework\spring-tx\5.2.2.RELEASE\spring-tx-5.2.2.RELEASE.jar;F:\apache-maven-3.8.1\Mysql\org\mybatis\spring\boot\mybatis-spring-boot-autoconfigure\2.1.1\mybatis-spring-boot-autoconfigure-2.1.1.jar;F:\apache-maven-3.8.1\Mysql\org\mybatis\mybatis\3.5.3\mybatis-3.5.3.jar;F:\apache-maven-3.8.1\Mysql\org\mybatis\mybatis-spring\2.0.3\mybatis-spring-2.0.3.jar;F:\apache-maven-3.8.1\Mysql\com\github\pagehelper\pagehelper-spring-boot-starter\1.2.13\pagehelper-spring-boot-starter-1.2.13.jar;F:\apache-maven-3.8.1\Mysql\com\github\pagehelper\pagehelper-spring-boot-autoconfigure\1.2.13\pagehelper-spring-boot-autoconfigure-1.2.13.jar;F:\apache-maven-3.8.1\Mysql\com\github\pagehelper\pagehelper\5.1.11\pagehelper-5.1.11.jar;F:\apache-maven-3.8.1\Mysql\com\github\jsqlparser\jsqlparser\2.0\jsqlparser-2.0.jar;F:\apache-maven-3.8.1\Mysql\mysql\mysql-connector-java\8.0.18\mysql-connector-java-8.0.18.jar;F:\apache-maven-3.8.1\Mysql\com\mchange\c3p0\0.9.5.5\c3p0-0.9.5.5.jar;F:\apache-maven-3.8.1\Mysql\com\mchange\mchange-commons-java\0.2.19\mchange-commons-java-0.2.19.jar;F:\apache-maven-3.8.1\Mysql\org\apache\commons\commons-lang3\3.5\commons-lang3-3.5.jar;F:\apache-maven-3.8.1\Mysql\com\alibaba\fastjson\1.2.47\fastjson-1.2.47.jar;F:\apache-maven-3.8.1\Mysql\org\springframework\boot\spring-boot-devtools\2.2.2.RELEASE\spring-boot-devtools-2.2.2.RELEASE.jar;F:\apache-maven-3.8.1\Mysql\org\springframework\boot\spring-boot\2.2.2.RELEASE\spring-boot-2.2.2.RELEASE.jar;F:\apache-maven-3.8.1\Mysql\org\springframework\boot\spring-boot-autoconfigure\2.2.2.RELEASE\spring-boot-autoconfigure-2.2.2.RELEASE.jar;"/>
    <property name="java.vm.vendor" value="Oracle Corporation"/>
    <property name="sun.arch.data.model" value="64"/>
    <property name="user.variant" value=""/>
    <property name="java.vendor.url" value="https://openjdk.java.net/"/>
    <property name="user.timezone" value="Asia/Shanghai"/>
    <property name="java.vm.specification.version" value="11"/>
    <property name="os.name" value="Windows 10"/>
    <property name="sun.java.launcher" value="SUN_STANDARD"/>
    <property name="user.country" value="CN"/>
    <property name="sun.boot.library.path" value="C:\Program Files\Java\jdk-11.0.7\bin"/>
    <property name="sun.java.command" value="C:\Users\ADMINI~1\AppData\Local\Temp\surefire11895266970684596060\surefirebooter16179176724805654526.jar C:\Users\Administrator\AppData\Local\Temp\surefire11895266970684596060 2021-08-31T18-00-55_432-jvmRun1 surefire14789078647715676440tmp surefire_016598679623446215148tmp"/>
    <property name="jdk.debug" value="release"/>
    <property name="surefire.test.class.path" value="E:\java49\practice\springboot\crm49\target\test-classes;E:\java49\practice\springboot\crm49\target\classes;F:\apache-maven-3.8.1\Mysql\junit\junit\4.13\junit-4.13.jar;F:\apache-maven-3.8.1\Mysql\org\hamcrest\hamcrest-core\2.1\hamcrest-core-2.1.jar;F:\apache-maven-3.8.1\Mysql\org\springframework\boot\spring-boot-starter-web\2.2.2.RELEASE\spring-boot-starter-web-2.2.2.RELEASE.jar;F:\apache-maven-3.8.1\Mysql\org\springframework\boot\spring-boot-starter\2.2.2.RELEASE\spring-boot-starter-2.2.2.RELEASE.jar;F:\apache-maven-3.8.1\Mysql\org\springframework\boot\spring-boot-starter-logging\2.2.2.RELEASE\spring-boot-starter-logging-2.2.2.RELEASE.jar;F:\apache-maven-3.8.1\Mysql\ch\qos\logback\logback-classic\1.2.3\logback-classic-1.2.3.jar;F:\apache-maven-3.8.1\Mysql\ch\qos\logback\logback-core\1.2.3\logback-core-1.2.3.jar;F:\apache-maven-3.8.1\Mysql\org\apache\logging\log4j\log4j-to-slf4j\2.12.1\log4j-to-slf4j-2.12.1.jar;F:\apache-maven-3.8.1\Mysql\org\apache\logging\log4j\log4j-api\2.12.1\log4j-api-2.12.1.jar;F:\apache-maven-3.8.1\Mysql\org\slf4j\jul-to-slf4j\1.7.29\jul-to-slf4j-1.7.29.jar;F:\apache-maven-3.8.1\Mysql\jakarta\annotation\jakarta.annotation-api\1.3.5\jakarta.annotation-api-1.3.5.jar;F:\apache-maven-3.8.1\Mysql\org\yaml\snakeyaml\1.25\snakeyaml-1.25.jar;F:\apache-maven-3.8.1\Mysql\org\springframework\boot\spring-boot-starter-json\2.2.2.RELEASE\spring-boot-starter-json-2.2.2.RELEASE.jar;F:\apache-maven-3.8.1\Mysql\com\fasterxml\jackson\core\jackson-databind\2.10.1\jackson-databind-2.10.1.jar;F:\apache-maven-3.8.1\Mysql\com\fasterxml\jackson\core\jackson-annotations\2.10.1\jackson-annotations-2.10.1.jar;F:\apache-maven-3.8.1\Mysql\com\fasterxml\jackson\core\jackson-core\2.10.1\jackson-core-2.10.1.jar;F:\apache-maven-3.8.1\Mysql\com\fasterxml\jackson\datatype\jackson-datatype-jdk8\2.10.1\jackson-datatype-jdk8-2.10.1.jar;F:\apache-maven-3.8.1\Mysql\com\fasterxml\jackson\datatype\jackson-datatype-jsr310\2.10.1\jackson-datatype-jsr310-2.10.1.jar;F:\apache-maven-3.8.1\Mysql\com\fasterxml\jackson\module\jackson-module-parameter-names\2.10.1\jackson-module-parameter-names-2.10.1.jar;F:\apache-maven-3.8.1\Mysql\org\springframework\boot\spring-boot-starter-tomcat\2.2.2.RELEASE\spring-boot-starter-tomcat-2.2.2.RELEASE.jar;F:\apache-maven-3.8.1\Mysql\org\apache\tomcat\embed\tomcat-embed-core\9.0.29\tomcat-embed-core-9.0.29.jar;F:\apache-maven-3.8.1\Mysql\org\apache\tomcat\embed\tomcat-embed-el\9.0.29\tomcat-embed-el-9.0.29.jar;F:\apache-maven-3.8.1\Mysql\org\apache\tomcat\embed\tomcat-embed-websocket\9.0.29\tomcat-embed-websocket-9.0.29.jar;F:\apache-maven-3.8.1\Mysql\org\springframework\boot\spring-boot-starter-validation\2.2.2.RELEASE\spring-boot-starter-validation-2.2.2.RELEASE.jar;F:\apache-maven-3.8.1\Mysql\jakarta\validation\jakarta.validation-api\2.0.1\jakarta.validation-api-2.0.1.jar;F:\apache-maven-3.8.1\Mysql\org\hibernate\validator\hibernate-validator\6.0.18.Final\hibernate-validator-6.0.18.Final.jar;F:\apache-maven-3.8.1\Mysql\org\jboss\logging\jboss-logging\3.4.1.Final\jboss-logging-3.4.1.Final.jar;F:\apache-maven-3.8.1\Mysql\com\fasterxml\classmate\1.5.1\classmate-1.5.1.jar;F:\apache-maven-3.8.1\Mysql\org\springframework\spring-web\5.2.2.RELEASE\spring-web-5.2.2.RELEASE.jar;F:\apache-maven-3.8.1\Mysql\org\springframework\spring-beans\5.2.2.RELEASE\spring-beans-5.2.2.RELEASE.jar;F:\apache-maven-3.8.1\Mysql\org\springframework\spring-webmvc\5.2.2.RELEASE\spring-webmvc-5.2.2.RELEASE.jar;F:\apache-maven-3.8.1\Mysql\org\springframework\spring-context\5.2.2.RELEASE\spring-context-5.2.2.RELEASE.jar;F:\apache-maven-3.8.1\Mysql\org\springframework\spring-expression\5.2.2.RELEASE\spring-expression-5.2.2.RELEASE.jar;F:\apache-maven-3.8.1\Mysql\org\springframework\boot\spring-boot-starter-aop\2.2.2.RELEASE\spring-boot-starter-aop-2.2.2.RELEASE.jar;F:\apache-maven-3.8.1\Mysql\org\springframework\spring-aop\5.2.2.RELEASE\spring-aop-5.2.2.RELEASE.jar;F:\apache-maven-3.8.1\Mysql\org\aspectj\aspectjweaver\1.9.5\aspectjweaver-1.9.5.jar;F:\apache-maven-3.8.1\Mysql\org\springframework\boot\spring-boot-starter-freemarker\2.2.2.RELEASE\spring-boot-starter-freemarker-2.2.2.RELEASE.jar;F:\apache-maven-3.8.1\Mysql\org\freemarker\freemarker\2.3.29\freemarker-2.3.29.jar;F:\apache-maven-3.8.1\Mysql\org\springframework\spring-context-support\5.2.2.RELEASE\spring-context-support-5.2.2.RELEASE.jar;F:\apache-maven-3.8.1\Mysql\org\springframework\boot\spring-boot-starter-test\2.2.2.RELEASE\spring-boot-starter-test-2.2.2.RELEASE.jar;F:\apache-maven-3.8.1\Mysql\org\springframework\boot\spring-boot-test\2.2.2.RELEASE\spring-boot-test-2.2.2.RELEASE.jar;F:\apache-maven-3.8.1\Mysql\org\springframework\boot\spring-boot-test-autoconfigure\2.2.2.RELEASE\spring-boot-test-autoconfigure-2.2.2.RELEASE.jar;F:\apache-maven-3.8.1\Mysql\com\jayway\jsonpath\json-path\2.4.0\json-path-2.4.0.jar;F:\apache-maven-3.8.1\Mysql\net\minidev\json-smart\2.3\json-smart-2.3.jar;F:\apache-maven-3.8.1\Mysql\net\minidev\accessors-smart\1.2\accessors-smart-1.2.jar;F:\apache-maven-3.8.1\Mysql\org\ow2\asm\asm\5.0.4\asm-5.0.4.jar;F:\apache-maven-3.8.1\Mysql\org\slf4j\slf4j-api\1.7.29\slf4j-api-1.7.29.jar;F:\apache-maven-3.8.1\Mysql\jakarta\xml\bind\jakarta.xml.bind-api\2.3.2\jakarta.xml.bind-api-2.3.2.jar;F:\apache-maven-3.8.1\Mysql\jakarta\activation\jakarta.activation-api\1.2.1\jakarta.activation-api-1.2.1.jar;F:\apache-maven-3.8.1\Mysql\org\junit\jupiter\junit-jupiter\5.5.2\junit-jupiter-5.5.2.jar;F:\apache-maven-3.8.1\Mysql\org\junit\jupiter\junit-jupiter-api\5.5.2\junit-jupiter-api-5.5.2.jar;F:\apache-maven-3.8.1\Mysql\org\opentest4j\opentest4j\1.2.0\opentest4j-1.2.0.jar;F:\apache-maven-3.8.1\Mysql\org\junit\platform\junit-platform-commons\1.5.2\junit-platform-commons-1.5.2.jar;F:\apache-maven-3.8.1\Mysql\org\junit\jupiter\junit-jupiter-params\5.5.2\junit-jupiter-params-5.5.2.jar;F:\apache-maven-3.8.1\Mysql\org\junit\jupiter\junit-jupiter-engine\5.5.2\junit-jupiter-engine-5.5.2.jar;F:\apache-maven-3.8.1\Mysql\org\junit\vintage\junit-vintage-engine\5.5.2\junit-vintage-engine-5.5.2.jar;F:\apache-maven-3.8.1\Mysql\org\apiguardian\apiguardian-api\1.1.0\apiguardian-api-1.1.0.jar;F:\apache-maven-3.8.1\Mysql\org\junit\platform\junit-platform-engine\1.5.2\junit-platform-engine-1.5.2.jar;F:\apache-maven-3.8.1\Mysql\org\mockito\mockito-junit-jupiter\3.1.0\mockito-junit-jupiter-3.1.0.jar;F:\apache-maven-3.8.1\Mysql\org\assertj\assertj-core\3.13.2\assertj-core-3.13.2.jar;F:\apache-maven-3.8.1\Mysql\org\hamcrest\hamcrest\2.1\hamcrest-2.1.jar;F:\apache-maven-3.8.1\Mysql\org\mockito\mockito-core\3.1.0\mockito-core-3.1.0.jar;F:\apache-maven-3.8.1\Mysql\net\bytebuddy\byte-buddy\1.10.4\byte-buddy-1.10.4.jar;F:\apache-maven-3.8.1\Mysql\net\bytebuddy\byte-buddy-agent\1.10.4\byte-buddy-agent-1.10.4.jar;F:\apache-maven-3.8.1\Mysql\org\objenesis\objenesis\2.6\objenesis-2.6.jar;F:\apache-maven-3.8.1\Mysql\org\skyscreamer\jsonassert\1.5.0\jsonassert-1.5.0.jar;F:\apache-maven-3.8.1\Mysql\com\vaadin\external\google\android-json\0.0.20131108.vaadin1\android-json-0.0.20131108.vaadin1.jar;F:\apache-maven-3.8.1\Mysql\org\springframework\spring-core\5.2.2.RELEASE\spring-core-5.2.2.RELEASE.jar;F:\apache-maven-3.8.1\Mysql\org\springframework\spring-jcl\5.2.2.RELEASE\spring-jcl-5.2.2.RELEASE.jar;F:\apache-maven-3.8.1\Mysql\org\springframework\spring-test\5.2.2.RELEASE\spring-test-5.2.2.RELEASE.jar;F:\apache-maven-3.8.1\Mysql\org\xmlunit\xmlunit-core\2.6.3\xmlunit-core-2.6.3.jar;F:\apache-maven-3.8.1\Mysql\org\mybatis\spring\boot\mybatis-spring-boot-starter\2.1.1\mybatis-spring-boot-starter-2.1.1.jar;F:\apache-maven-3.8.1\Mysql\org\springframework\boot\spring-boot-starter-jdbc\2.2.2.RELEASE\spring-boot-starter-jdbc-2.2.2.RELEASE.jar;F:\apache-maven-3.8.1\Mysql\com\zaxxer\HikariCP\3.4.1\HikariCP-3.4.1.jar;F:\apache-maven-3.8.1\Mysql\org\springframework\spring-jdbc\5.2.2.RELEASE\spring-jdbc-5.2.2.RELEASE.jar;F:\apache-maven-3.8.1\Mysql\org\springframework\spring-tx\5.2.2.RELEASE\spring-tx-5.2.2.RELEASE.jar;F:\apache-maven-3.8.1\Mysql\org\mybatis\spring\boot\mybatis-spring-boot-autoconfigure\2.1.1\mybatis-spring-boot-autoconfigure-2.1.1.jar;F:\apache-maven-3.8.1\Mysql\org\mybatis\mybatis\3.5.3\mybatis-3.5.3.jar;F:\apache-maven-3.8.1\Mysql\org\mybatis\mybatis-spring\2.0.3\mybatis-spring-2.0.3.jar;F:\apache-maven-3.8.1\Mysql\com\github\pagehelper\pagehelper-spring-boot-starter\1.2.13\pagehelper-spring-boot-starter-1.2.13.jar;F:\apache-maven-3.8.1\Mysql\com\github\pagehelper\pagehelper-spring-boot-autoconfigure\1.2.13\pagehelper-spring-boot-autoconfigure-1.2.13.jar;F:\apache-maven-3.8.1\Mysql\com\github\pagehelper\pagehelper\5.1.11\pagehelper-5.1.11.jar;F:\apache-maven-3.8.1\Mysql\com\github\jsqlparser\jsqlparser\2.0\jsqlparser-2.0.jar;F:\apache-maven-3.8.1\Mysql\mysql\mysql-connector-java\8.0.18\mysql-connector-java-8.0.18.jar;F:\apache-maven-3.8.1\Mysql\com\mchange\c3p0\0.9.5.5\c3p0-0.9.5.5.jar;F:\apache-maven-3.8.1\Mysql\com\mchange\mchange-commons-java\0.2.19\mchange-commons-java-0.2.19.jar;F:\apache-maven-3.8.1\Mysql\org\apache\commons\commons-lang3\3.5\commons-lang3-3.5.jar;F:\apache-maven-3.8.1\Mysql\com\alibaba\fastjson\1.2.47\fastjson-1.2.47.jar;F:\apache-maven-3.8.1\Mysql\org\springframework\boot\spring-boot-devtools\2.2.2.RELEASE\spring-boot-devtools-2.2.2.RELEASE.jar;F:\apache-maven-3.8.1\Mysql\org\springframework\boot\spring-boot\2.2.2.RELEASE\spring-boot-2.2.2.RELEASE.jar;F:\apache-maven-3.8.1\Mysql\org\springframework\boot\spring-boot-autoconfigure\2.2.2.RELEASE\spring-boot-autoconfigure-2.2.2.RELEASE.jar;"/>
    <property name="sun.cpu.endian" value="little"/>
    <property name="user.home" value="C:\Users\Administrator"/>
    <property name="user.language" value="zh"/>
    <property name="java.specification.vendor" value="Oracle Corporation"/>
    <property name="java.version.date" value="2020-04-14"/>
    <property name="java.home" value="C:\Program Files\Java\jdk-11.0.7"/>
    <property name="file.separator" value="\"/>
    <property name="basedir" value="E:\java49\practice\springboot\crm49"/>
    <property name="java.vm.compressedOopsMode" value="32-bit"/>
    <property name="line.separator" value="&#10;"/>
    <property name="java.specification.name" value="Java Platform API Specification"/>
    <property name="java.vm.specification.vendor" value="Oracle Corporation"/>
    <property name="java.awt.graphicsenv" value="sun.awt.Win32GraphicsEnvironment"/>
    <property name="surefire.real.class.path" value="C:\Users\ADMINI~1\AppData\Local\Temp\surefire11895266970684596060\surefirebooter16179176724805654526.jar"/>
    <property name="user.script" value=""/>
    <property name="sun.management.compiler" value="HotSpot 64-Bit Tiered Compilers"/>
    <property name="java.runtime.version" value="11.0.7+8-LTS"/>
    <property name="user.name" value="Administrator"/>
    <property name="path.separator" value=";"/>
    <property name="os.version" value="10.0"/>
    <property name="java.runtime.name" value="Java(TM) SE Runtime Environment"/>
    <property name="file.encoding" value="GBK"/>
    <property name="java.vm.name" value="Java HotSpot(TM) 64-Bit Server VM"/>
    <property name="java.vendor.version" value="18.9"/>
    <property name="localRepository" value="F:\apache-maven-3.8.1\Mysql"/>
    <property name="java.vendor.url.bug" value="https://bugreport.java.com/bugreport/"/>
    <property name="java.io.tmpdir" value="C:\Users\ADMINI~1\AppData\Local\Temp\"/>
    <property name="idea.version" value="2020.2.3"/>
    <property name="java.version" value="11.0.7"/>
    <property name="user.dir" value="E:\java49\practice\springboot\crm49"/>
    <property name="os.arch" value="amd64"/>
    <property name="java.vm.specification.name" value="Java Virtual Machine Specification"/>
    <property name="java.awt.printerjob" value="sun.awt.windows.WPrinterJob"/>
    <property name="sun.os.patch.level" value=""/>
    <property name="java.library.path" value="C:\Program Files\Java\jdk-11.0.7\bin;C:\Windows\Sun\Java\bin;C:\Windows\system32;C:\Windows;F:\oraclexe\app\oracle\product\11.2.0\server\bin;C:\Program Files\Java\jdk-11.0.7\bin;C:\Windows\system32;C:\Windows;C:\Windows\System32\Wbem;C:\Windows\System32\WindowsPowerShell\v1.0\;C:\Windows\System32\OpenSSH\;F:\apache-maven-3.8.1\bin;F:\apache-maven-3.8.1\bin;C:\Program Files\Java\jdk-11.0.7\bin;F:\VisualSVN Server\bin;F:\TortoiseSVN\bin;C:\Program Files\MySQL\MySQL Server 8.0\bin;C:\Program Files\MySQL\MySQL Shell 8.0\bin\;C:\Users\Administrator\AppData\Local\Microsoft\WindowsApps;;."/>
    <property name="java.vendor" value="Oracle Corporation"/>
    <property name="java.vm.info" value="mixed mode"/>
    <property name="java.vm.version" value="11.0.7+8-LTS"/>
    <property name="sun.io.unicode.encoding" value="UnicodeLittle"/>
    <property name="maven.repo.local" value="F:\apache-maven-3.8.1\Mysql"/>
    <property name="java.class.version" value="55.0"/>
  </properties>
  <testcase name="shouldAnswerWithTrue" classname="com.yjxxt.AppTest" time="0"/>
</testsuite>